<?xml version="1.0" encoding="UTF-8" ?>
<testsuite failures="0" time="1.341" errors="0" skipped="0" tests="7" name="no.atferdssenteret.panda.persistence.DataCollectionAutomaticCreationTest">
  <properties>
[...]
</properties>
  <testcase time="1.212" classname="no.atferdssenteret.panda.persistence.DataCollectionAutomaticCreationTest" name="dataCollectionManagerGetsNotifiedWhenTargetIsCreated"/>
  <testcase time="0.025" classname="no.atferdssenteret.panda.persistence.DataCollectionAutomaticCreationTest" name="dataCollectionIsCreatedAfterTargetIsCreatedAccordingToRule"/>
  <testcase time="0.018" classname="no.atferdssenteret.panda.persistence.DataCollectionAutomaticCreationTest" name="dataCollectionsAreCreatedAfterTargetIsUpdatedAccordingToRules"/>
  <testcase time="0.012" classname="no.atferdssenteret.panda.persistence.DataCollectionAutomaticCreationTest" name="targetDateOfAutogeneratedDataCollectionIsCorrect"/>
  <testcase time="0.019" classname="no.atferdssenteret.panda.persistence.DataCollectionAutomaticCreationTest" name="updatesExistingInsteadOfCreatingNewDataCollection"/>
  <testcase time="0.008" classname="no.atferdssenteret.panda.persistence.DataCollectionAutomaticCreationTest" name="ruleIsIgnoredWhenPrerequisiteFieldsAreNotSet"/>
  <testcase time="0.012" classname="no.atferdssenteret.panda.persistence.DataCollectionAutomaticCreationTest" name="GeneratedDataCollectionsAreAssignedToSameDataCollectorAsTarget"/>
</testsuite>